2025-04-04 13:49:50 [TestNG-tests-2] INFO  testCases.TC1_AccountRegistrationtest - launching edge browser
2025-04-04 13:49:50 [TestNG-tests-1] INFO  testCases.TC1_AccountRegistrationtest - launching chrome browser
2025-04-04 13:49:51 [TestNG-tests-2] INFO  testCases.TC1_AccountRegistrationtest - *****************STARTING TC01************************
2025-04-04 13:49:51 [TestNG-tests-1] INFO  testCases.TC1_AccountRegistrationtest - *****************STARTING TC01************************
2025-04-04 13:50:07 [TestNG-tests-1] ERROR testCases.TC1_AccountRegistrationtest - Test failed
2025-04-04 13:50:07 [TestNG-tests-1] INFO  testCases.TC1_AccountRegistrationtest - *****************************TC01 is FAILED******************************
2025-04-04 13:50:22 [TestNG-tests-2] INFO  testCases.TC1_AccountRegistrationtest - Clicked on My account link
2025-04-04 13:50:22 [TestNG-tests-2] INFO  testCases.TC1_AccountRegistrationtest - Providing customer details
2025-04-04 13:50:22 [TestNG-tests-2] ERROR testCases.TC1_AccountRegistrationtest - Test failed
2025-04-04 13:50:22 [TestNG-tests-2] INFO  testCases.TC1_AccountRegistrationtest - *****************************TC01 is FAILED******************************
