2025-04-04 13:51:46 [TestNG-tests-1] INFO  testCases.TC1_AccountRegistrationtest - launching chrome browser
2025-04-04 13:51:46 [TestNG-tests-2] INFO  testCases.TC1_AccountRegistrationtest - launching edge browser
2025-04-04 13:51:47 [TestNG-tests-2] INFO  testCases.TC1_AccountRegistrationtest - *****************STARTING TC01************************
2025-04-04 13:51:47 [TestNG-tests-1] INFO  testCases.TC1_AccountRegistrationtest - *****************STARTING TC01************************
2025-04-04 13:51:55 [TestNG-tests-1] INFO  testCases.TC1_AccountRegistrationtest - Clicked on My account link
2025-04-04 13:51:55 [TestNG-tests-1] INFO  testCases.TC1_AccountRegistrationtest - Providing customer details
2025-04-04 13:51:55 [TestNG-tests-2] ERROR testCases.TC1_AccountRegistrationtest - Test failed
2025-04-04 13:51:55 [TestNG-tests-2] INFO  testCases.TC1_AccountRegistrationtest - *****************************TC01 is FAILED******************************
2025-04-04 13:51:56 [TestNG-tests-1] ERROR testCases.TC1_AccountRegistrationtest - Test failed
2025-04-04 13:51:56 [TestNG-tests-1] INFO  testCases.TC1_AccountRegistrationtest - *****************************TC01 is FAILED******************************
